<?xml version="1.0" encoding="UTF-8"?>
<testng-results ignored="0" total="1" passed="1" failed="0" skipped="0">
  <reporter-output>
  </reporter-output>
  <suite started-at="2022-05-19T16:43:10 COT" name="Default suite" finished-at="2022-05-19T16:43:13 COT" duration-ms="3824">
    <groups>
    </groups>
    <test started-at="2022-05-19T16:43:10 COT" name="Default test" finished-at="2022-05-19T16:43:13 COT" duration-ms="3824">
      <class name="cristianpractice.ExtentReports.ExtentReportDemo1">
        <test-method is-config="true" signature="config()[pri:0, instance:cristianpractice.ExtentReports.ExtentReportDemo1@7bba5817]" started-at="2022-05-19T16:43:10 COT" name="config" finished-at="2022-05-19T16:43:10 COT" duration-ms="232" status="PASS">
          <reporter-output>
          </reporter-output>
        </test-method> <!-- config -->
        <test-method signature="initialDemo()[pri:0, instance:cristianpractice.ExtentReports.ExtentReportDemo1@7bba5817]" started-at="2022-05-19T16:43:10 COT" name="initialDemo" finished-at="2022-05-19T16:43:13 COT" duration-ms="3554" status="PASS">
          <reporter-output>
          </reporter-output>
        </test-method> <!-- initialDemo -->
      </class> <!-- cristianpractice.ExtentReports.ExtentReportDemo1 -->
    </test> <!-- Default test -->
  </suite> <!-- Default suite -->
</testng-results>
